Initial State:

Episode 1:
------------------------------

Step 0:
  到节点 (From Node): 26
  当前电池电量 (Battery): 34.0
  剩余时间 (Remaining Time): 1.7917361450195313
  奖励 (Reward): 0
  Done: False
------------------------------

Step 1:
  到节点 (From Node): 48
  当前电池电量 (Battery): 44.85390090942383
  剩余时间 (Remaining Time): 1.678580322265625
  奖励 (Reward): 5.878399064442988
  Done: False
------------------------------

Step 2:
  到节点 (From Node): 40
  当前电池电量 (Battery): 72.84883117675781
  剩余时间 (Remaining Time): 1.3830258178710937
  奖励 (Reward): 200.98487242265045
  Done: True
Episode 1 finished! Resetting environment for next episode.

Episode 2:
------------------------------

Step 0:
  到节点 (From Node): 28
  当前电池电量 (Battery): 47.0
  剩余时间 (Remaining Time): 1.934728546142578
  奖励 (Reward): 0
  Done: False
------------------------------

Step 1:
  到节点 (From Node): 3
  当前电池电量 (Battery): 51.5717658996582
  剩余时间 (Remaining Time): 1.8865133666992187
  奖励 (Reward): -57.21956044676499
  Done: False
------------------------------

Step 2:
  到节点 (From Node): 43
  当前电池电量 (Battery): 81.89656829833984
  剩余时间 (Remaining Time): 1.563358917236328
  奖励 (Reward): 130.31574994165712
  Done: False
------------------------------

Step 3:
  到节点 (From Node): 0
  当前电池电量 (Battery): 99.33717346191406
  剩余时间 (Remaining Time): 1.3738282775878907
  奖励 (Reward): 23.27238816304869
  Done: False
------------------------------

Step 4:
  到节点 (From Node): 10
  当前电池电量 (Battery): 95.2774658203125
  剩余时间 (Remaining Time): 0.8823382568359375
  奖励 (Reward): -4.722533074704032
  Done: True
Episode 2 finished! Resetting environment for next episode.

Episode 3:
------------------------------

Step 0:
  到节点 (From Node): 17
  当前电池电量 (Battery): 40.0
  剩余时间 (Remaining Time): 1.7578599548339844
  奖励 (Reward): 0
  Done: False
------------------------------

Step 1:
  到节点 (From Node): 19
  当前电池电量 (Battery): 49.2575798034668
  剩余时间 (Remaining Time): 1.6601237487792968
  奖励 (Reward): -9.803927945468004
  Done: False
------------------------------

Step 2:
  到节点 (From Node): 20
  当前电池电量 (Battery): 74.30610656738281
  剩余时间 (Remaining Time): 1.3999603271484375
  奖励 (Reward): 93.60910899068753
  Done: False
------------------------------

Step 3:
  到节点 (From Node): 37
  当前电池电量 (Battery): 73.13668060302734
  剩余时间 (Remaining Time): 1.2289919281005859
  奖励 (Reward): -26.86331641367414
  Done: True
Episode 3 finished! Resetting environment for next episode.

Episode 4:
------------------------------

Step 0:
  到节点 (From Node): 47
  当前电池电量 (Battery): 40.0
  剩余时间 (Remaining Time): 1.4661648559570313
  奖励 (Reward): 0
  Done: False
------------------------------

Step 1:
  到节点 (From Node): 0
  当前电池电量 (Battery): 57.65544128417969
  剩余时间 (Remaining Time): 1.281194305419922
  奖励 (Reward): 50.747822786645
  Done: False
------------------------------

Step 2:
  到节点 (From Node): 8
  当前电池电量 (Battery): 74.96163940429688
  剩余时间 (Remaining Time): 1.1011090087890625
  奖励 (Reward): 34.45303089863958
  Done: False
------------------------------

Step 3:
  到节点 (From Node): 10
  当前电池电量 (Battery): 71.81490325927734
  剩余时间 (Remaining Time): 0.668864974975586
  奖励 (Reward): -28.185094308325247
  Done: True
Episode 4 finished! Resetting environment for next episode.

Episode 5:
------------------------------

Step 0:
  到节点 (From Node): 8
  当前电池电量 (Battery): 41.0
  剩余时间 (Remaining Time): 1.6983824157714844
  奖励 (Reward): 0
  Done: False
------------------------------

Step 1:
  到节点 (From Node): 26
  当前电池电量 (Battery): 57.60356140136719
  剩余时间 (Remaining Time): 1.5246685791015624
  奖励 (Reward): 51.1143600963089
  Done: False
------------------------------

Step 2:
  到节点 (From Node): 48
  当前电池电量 (Battery): 68.41899108886719
  剩余时间 (Remaining Time): 1.4115127563476562
  奖励 (Reward): -6.0991187931768565
  Done: False
------------------------------

Step 3:
  到节点 (From Node): 40
  当前电池电量 (Battery): 95.0
  剩余时间 (Remaining Time): 1.115958251953125
  奖励 (Reward): 180.76442948335736
  Done: True
Episode 5 finished! Resetting environment for next episode.

Episode 6:
------------------------------

Step 0:
  到节点 (From Node): 31
  当前电池电量 (Battery): 48.0
  剩余时间 (Remaining Time): 1.6224665832519531
  奖励 (Reward): 0
  Done: False
------------------------------

Step 1:
  到节点 (From Node): 9
  当前电池电量 (Battery): 71.03109741210938
  剩余时间 (Remaining Time): 1.3818324279785157
  奖励 (Reward): 99.876095090038
  Done: False
------------------------------

Step 2:
  到节点 (From Node): 45
  当前电池电量 (Battery): 68.80553436279297
  剩余时间 (Remaining Time): 0.9742204284667969
  奖励 (Reward): -31.194465840508187
  Done: True
Episode 6 finished! Resetting environment for next episode.

Episode 7:
------------------------------

Step 0:
  到节点 (From Node): 40
  当前电池电量 (Battery): 36.0
  剩余时间 (Remaining Time): 1.621945343017578
  奖励 (Reward): 0
  Done: False
------------------------------

Step 1:
  到节点 (From Node): 20
  当前电池电量 (Battery): 59.99635314941406
  剩余时间 (Remaining Time): 1.365847625732422
  奖励 (Reward): 175.6573805384532
  Done: True
Episode 7 finished! Resetting environment for next episode.

Episode 8:
------------------------------

Step 0:
  到节点 (From Node): 24
  当前电池电量 (Battery): 33.0
  剩余时间 (Remaining Time): 1.5200991821289063
  奖励 (Reward): 0
  Done: False
------------------------------

Step 1:
  到节点 (From Node): 26
  当前电池电量 (Battery): 40.41901779174805
  剩余时间 (Remaining Time): 1.4420863342285157
  奖励 (Reward): -26.010010510598406
  Done: False
------------------------------

Step 2:
  到节点 (From Node): 4
  当前电池电量 (Battery): 57.745689392089844
  剩余时间 (Remaining Time): 1.2589291381835936
  奖励 (Reward): 47.26022016401839
  Done: False
------------------------------

Step 3:
  到节点 (From Node): 25
  当前电池电量 (Battery): 70.48709106445312
  剩余时间 (Remaining Time): 1.1267568969726562
  奖励 (Reward): 68.45827451691845
  Done: True
Episode 8 finished! Resetting environment for next episode.

Episode 9:
------------------------------

Step 0:
  到节点 (From Node): 30
  当前电池电量 (Battery): 39.0
  剩余时间 (Remaining Time): 1.65902099609375
  奖励 (Reward): 0
  Done: False
------------------------------

Step 1:
  到节点 (From Node): 16
  当前电池电量 (Battery): 38.978702545166016
  剩余时间 (Remaining Time): 1.6561466979980468
  奖励 (Reward): -100.3289168038
  Done: False
------------------------------

Step 2:
  到节点 (From Node): 24
  当前电池电量 (Battery): 59.227256774902344
  剩余时间 (Remaining Time): 1.4374562072753907
  奖励 (Reward): 84.93303067144248
  Done: False
------------------------------

Step 3:
  到节点 (From Node): 45
  当前电池电量 (Battery): 58.275543212890625
  剩余时间 (Remaining Time): 1.293909912109375
  奖励 (Reward): -102.1979553206
  Done: False
------------------------------

Step 4:
  到节点 (From Node): 28
  当前电池电量 (Battery): 57.963829040527344
  剩余时间 (Remaining Time): 1.2510921478271484
  奖励 (Reward): -102.3658646271
  Done: False
------------------------------

Step 5:
  到节点 (From Node): 3
  当前电池电量 (Battery): 62.553436279296875
  剩余时间 (Remaining Time): 1.202876968383789
  奖励 (Reward): -2.4880179184040614
  Done: True
Episode 9 finished! Resetting environment for next episode.

Episode 10:
------------------------------

Step 0:
  到节点 (From Node): 43
  当前电池电量 (Battery): 48.0
  剩余时间 (Remaining Time): 1.6585299682617187
  奖励 (Reward): 0
  Done: False
------------------------------

Step 1:
  到节点 (From Node): 3
  当前电池电量 (Battery): 78.60917663574219
  剩余时间 (Remaining Time): 1.3353756713867186
  奖励 (Reward): 153.45063267678927
  Done: False
------------------------------

Step 2:
  到节点 (From Node): 41
  当前电池电量 (Battery): 78.23259735107422
  剩余时间 (Remaining Time): 1.2482054901123047
  奖励 (Reward): -21.767399484210912
  Done: True
Episode 10 finished! Resetting environment for next episode.

Episode 11:
------------------------------

Step 0:
  到节点 (From Node): 15
  当前电池电量 (Battery): 42.0
  剩余时间 (Remaining Time): 1.762495880126953
  奖励 (Reward): 0
  Done: False
------------------------------

Step 1:
  到节点 (From Node): 45
  当前电池电量 (Battery): 39.01671600341797
  剩余时间 (Remaining Time): 1.0719210052490233
  奖励 (Reward): -60.9832835848
  Done: True
Episode 11 finished! Resetting environment for next episode.

Episode 12:
------------------------------

Step 0:
  到节点 (From Node): 4
  当前电池电量 (Battery): 41.0
  剩余时间 (Remaining Time): 1.786134033203125
  奖励 (Reward): 0
  Done: False
------------------------------

Step 1:
  到节点 (From Node): 3
  当前电池电量 (Battery): 60.711360931396484
  剩余时间 (Remaining Time): 1.5766615295410156
  奖励 (Reward): 80.57923054101124
  Done: False
------------------------------

Step 2:
  到节点 (From Node): 48
  当前电池电量 (Battery): 81.0
  剩余时间 (Remaining Time): 1.3098149108886719
  奖励 (Reward): 51.83683529227986
  Done: False
------------------------------

Step 3:
  到节点 (From Node): 32
  当前电池电量 (Battery): 79.43829345703125
  剩余时间 (Remaining Time): 0.8060382843017578
  奖励 (Reward): -106.241478002
  Done: False
------------------------------

Step 4:
  到节点 (From Node): 39
  当前电池电量 (Battery): 78.8148193359375
  剩余时间 (Remaining Time): 0.6501708221435547
  奖励 (Reward): -21.185177286200002
  Done: True
Episode 12 finished! Resetting environment for next episode.

Episode 13:
------------------------------

Step 0:
  到节点 (From Node): 46
  当前电池电量 (Battery): 47.0
  剩余时间 (Remaining Time): 1.7661433410644531
  奖励 (Reward): 0
  Done: False
------------------------------

Step 1:
  到节点 (From Node): 48
  当前电池电量 (Battery): 72.24846649169922
  剩余时间 (Remaining Time): 1.502313995361328
  奖励 (Reward): 123.72659770067813
  Done: False
------------------------------

Step 2:
  到节点 (From Node): 40
  当前电池电量 (Battery): 94.0
  剩余时间 (Remaining Time): 1.2067594146728515
  奖励 (Reward): 151.50807673970553
  Done: True
Episode 13 finished! Resetting environment for next episode.

Episode 14:
------------------------------

Step 0:
  到节点 (From Node): 16
  当前电池电量 (Battery): 38.0
  剩余时间 (Remaining Time): 1.5286958312988281
  奖励 (Reward): 0
  Done: False
------------------------------

Step 1:
  到节点 (From Node): 24
  当前电池电量 (Battery): 58.24855422973633
  剩余时间 (Remaining Time): 1.3100053405761718
  奖励 (Reward): 86.14597487678435
  Done: False
------------------------------

Step 2:
  到节点 (From Node): 26
  当前电池电量 (Battery): 65.55289459228516
  剩余时间 (Remaining Time): 1.2319924926757813
  奖励 (Reward): -37.1460241606488
  Done: False
------------------------------

Step 3:
  到节点 (From Node): 21
  当前电池电量 (Battery): 83.4580078125
  剩余时间 (Remaining Time): 1.042860641479492
  奖励 (Reward): 112.48183170827096
  Done: True
Episode 14 finished! Resetting environment for next episode.

Episode 15:
------------------------------

Step 0:
  到节点 (From Node): 37
  当前电池电量 (Battery): 30.0
  剩余时间 (Remaining Time): 1.6594140625
  奖励 (Reward): 0
  Done: False
------------------------------

Step 1:
  到节点 (From Node): 44
  当前电池电量 (Battery): 72.02748107910156
  剩余时间 (Remaining Time): 1.2218102264404296
  奖励 (Reward): 220.91882607909474
  Done: False
------------------------------

Step 2:
  到节点 (From Node): 46
  当前电池电量 (Battery): 91.0
  剩余时间 (Remaining Time): 0.9683285522460937
  奖励 (Reward): 3.441131553653051
  Done: False
------------------------------

Step 3:
  到节点 (From Node): 27
  当前电池电量 (Battery): 91.0
  剩余时间 (Remaining Time): 0.8364407348632813
  奖励 (Reward): -4.931479773974232
  Done: True
Episode 15 finished! Resetting environment for next episode.

Episode 16:
------------------------------

Step 0:
  到节点 (From Node): 27
  当前电池电量 (Battery): 39.0
  剩余时间 (Remaining Time): 1.7721417236328125
  奖励 (Reward): 0
  Done: False
------------------------------

Step 1:
  到节点 (From Node): 9
  当前电池电量 (Battery): 37.25865936279297
  剩余时间 (Remaining Time): 1.4555343627929687
  奖励 (Reward): -101.47777245
  Done: False
------------------------------

Step 2:
  到节点 (From Node): 12
  当前电池电量 (Battery): 51.77284622192383
  剩余时间 (Remaining Time): 1.302107391357422
  奖励 (Reward): 11.809902068162899
  Done: False
------------------------------

Step 3:
  到节点 (From Node): 13
  当前电池电量 (Battery): 65.50276184082031
  剩余时间 (Remaining Time): 1.159384765625
  奖励 (Reward): 58.87589698439206
  Done: True
Episode 16 finished! Resetting environment for next episode.

Episode 17:
------------------------------

Step 0:
  到节点 (From Node): 19
  当前电池电量 (Battery): 40.0
  剩余时间 (Remaining Time): 1.7828265380859376
  奖励 (Reward): 0
  Done: False
------------------------------

Step 1:
  到节点 (From Node): 37
  当前电池电量 (Battery): 51.94549560546875
  剩余时间 (Remaining Time): 1.655584259033203
  奖励 (Reward): 18.013721783202257
  Done: False
------------------------------

Step 2:
  到节点 (From Node): 44
  当前电池电量 (Battery): 93.0
  剩余时间 (Remaining Time): 1.2179803466796875
  奖励 (Reward): 285.3124101306927
  Done: True
Episode 17 finished! Resetting environment for next episode.

Episode 18:
------------------------------

Step 0:
  到节点 (From Node): 48
  当前电池电量 (Battery): 42.0
  剩余时间 (Remaining Time): 1.602236785888672
  奖励 (Reward): 0
  Done: False
------------------------------

Step 1:
  到节点 (From Node): 46
  当前电池电量 (Battery): 66.90812683105469
  剩余时间 (Remaining Time): 1.3384074401855468
  奖励 (Reward): 99.03637490190584
  Done: False
------------------------------

Step 2:
  到节点 (From Node): 26
  当前电池电量 (Battery): 80.0
  剩余时间 (Remaining Time): 1.15625
  奖励 (Reward): 82.8507329197829
  Done: True
Episode 18 finished! Resetting environment for next episode.

Episode 19:
------------------------------

Step 0:
  到节点 (From Node): 24
  当前电池电量 (Battery): 49.0
  剩余时间 (Remaining Time): 1.836280059814453
  奖励 (Reward): 0
  Done: False
------------------------------

Step 1:
  到节点 (From Node): 33
  当前电池电量 (Battery): 84.0
  剩余时间 (Remaining Time): 1.443287353515625
  奖励 (Reward): 183.49738503327222
  Done: False
------------------------------

Step 2:
  到节点 (From Node): 25
  当前电池电量 (Battery): 84.0
  剩余时间 (Remaining Time): 1.253151397705078
  奖励 (Reward): -104.64352368293794
  Done: False
------------------------------

Step 3:
  到节点 (From Node): 6
  当前电池电量 (Battery): 83.37311553955078
  剩余时间 (Remaining Time): 1.1355364990234376
  奖励 (Reward): -16.626887674010007
  Done: True
Episode 19 finished! Resetting environment for next episode.

Episode 20:
------------------------------

Step 0:
  到节点 (From Node): 0
  当前电池电量 (Battery): 38.0
  剩余时间 (Remaining Time): 1.6262242126464843
  奖励 (Reward): 0
  Done: False
------------------------------

Step 1:
  到节点 (From Node): 47
  当前电池电量 (Battery): 55.78491973876953
  剩余时间 (Remaining Time): 1.441253662109375
  奖励 (Reward): 58.883291505052654
  Done: False
------------------------------

Step 2:
  到节点 (From Node): 24
  当前电池电量 (Battery): 68.42808532714844
  剩余时间 (Remaining Time): 1.3065225219726562
  奖励 (Reward): 8.231991942038846
  Done: False
------------------------------

Step 3:
  到节点 (From Node): 16
  当前电池电量 (Battery): 87.0
  剩余时间 (Remaining Time): 1.08783203125
  奖励 (Reward): 120.40564454827296
  Done: True
Episode 20 finished! Resetting environment for next episode.

Episode 21:
------------------------------

Step 0:
  到节点 (From Node): 39
  当前电池电量 (Battery): 38.0
  剩余时间 (Remaining Time): 1.8333876037597656
  奖励 (Reward): 0
  Done: False
------------------------------

Step 1:
  到节点 (From Node): 37
  当前电池电量 (Battery): 45.57822036743164
  剩余时间 (Remaining Time): 1.7509259033203124
  奖励 (Reward): -21.70439630111936
  Done: False
------------------------------

Step 2:
  到节点 (From Node): 44
  当前电池电量 (Battery): 84.0
  剩余时间 (Remaining Time): 1.3133219909667968
  奖励 (Reward): 190.42836564442604
  Done: False
------------------------------

Step 3:
  到节点 (From Node): 4
  当前电池电量 (Battery): 82.4317398071289
  剩余时间 (Remaining Time): 1.0381889343261719
  奖励 (Reward): -17.568258755499997
  Done: True
Episode 21 finished! Resetting environment for next episode.

Episode 22:
------------------------------

Step 0:
  到节点 (From Node): 33
  当前电池电量 (Battery): 38.0
  剩余时间 (Remaining Time): 1.6033740234375
  奖励 (Reward): 0
  Done: False
------------------------------

Step 1:
  到节点 (From Node): 42
  当前电池电量 (Battery): 52.62385940551758
  剩余时间 (Remaining Time): 1.443968505859375
  奖励 (Reward): 37.187613732901355
  Done: False
------------------------------

Step 2:
  到节点 (From Node): 45
  当前电池电量 (Battery): 66.0111312866211
  剩余时间 (Remaining Time): 1.2978192138671876
  奖励 (Reward): 14.830818728659295
  Done: False
------------------------------

Step 3:
  到节点 (From Node): 28
  当前电池电量 (Battery): 65.67544555664062
  剩余时间 (Remaining Time): 1.2550015258789062
  奖励 (Reward): -34.324558136056055
  Done: True
Episode 22 finished! Resetting environment for next episode.

Episode 23:
------------------------------

Step 0:
  到节点 (From Node): 41
  当前电池电量 (Battery): 30.0
  剩余时间 (Remaining Time): 1.7488072204589844
  奖励 (Reward): 0
  Done: False
------------------------------

Step 1:
  到节点 (From Node): 1
  当前电池电量 (Battery): 45.636680603027344
  剩余时间 (Remaining Time): 1.5863650512695313
  奖励 (Reward): 45.973251946562925
  Done: False
------------------------------

Step 2:
  到节点 (From Node): 21
  当前电池电量 (Battery): 65.75894927978516
  剩余时间 (Remaining Time): 1.3775628662109376
  奖励 (Reward): 51.178048789136426
  Done: False
------------------------------

Step 3:
  到节点 (From Node): 1
  当前电池电量 (Battery): 83.0
  剩余时间 (Remaining Time): 1.1687606811523437
  奖励 (Reward): 18.430403036027343
  Done: False
------------------------------

Step 4:
  到节点 (From Node): 27
  当前电池电量 (Battery): 82.90065002441406
  剩余时间 (Remaining Time): 1.1449924468994142
  奖励 (Reward): -17.09935146001
  Done: True
Episode 23 finished! Resetting environment for next episode.

Episode 24:
------------------------------

Step 0:
  到节点 (From Node): 39
  当前电池电量 (Battery): 34.0
  剩余时间 (Remaining Time): 1.7981019592285157
  奖励 (Reward): 0
  Done: False
------------------------------

Step 1:
  到节点 (From Node): 20
  当前电池电量 (Battery): 57.245052337646484
  剩余时间 (Remaining Time): 1.5525901794433594
  奖励 (Reward): 101.92667508988663
  Done: False
------------------------------

Step 2:
  到节点 (From Node): 32
  当前电池电量 (Battery): 67.16726684570312
  剩余时间 (Remaining Time): 1.4476376342773438
  奖励 (Reward): 51.66372907909505
  Done: True
Episode 24 finished! Resetting environment for next episode.

Episode 25:
------------------------------

Step 0:
  到节点 (From Node): 28
  当前电池电量 (Battery): 43.0
  剩余时间 (Remaining Time): 1.8108026123046874
  奖励 (Reward): 0
  Done: False
------------------------------

Step 1:
  到节点 (From Node): 3
  当前电池电量 (Battery): 47.5717658996582
  剩余时间 (Remaining Time): 1.762587432861328
  奖励 (Reward): -56.67730555824812
  Done: False
------------------------------

Step 2:
  到节点 (From Node): 48
  当前电池电量 (Battery): 73.13568115234375
  剩余时间 (Remaining Time): 1.4957408142089843
  奖励 (Reward): 112.21862069993284
  Done: False
------------------------------

Step 3:
  到节点 (From Node): 13
  当前电池电量 (Battery): 69.88072204589844
  剩余时间 (Remaining Time): 1.0307469940185547
  奖励 (Reward): -30.119278113438384
  Done: True
Episode 25 finished! Resetting environment for next episode.

Episode 26:
------------------------------

Step 0:
  到节点 (From Node): 46
  当前电池电量 (Battery): 33.0
  剩余时间 (Remaining Time): 1.7042884826660156
  奖励 (Reward): 0
  Done: False
------------------------------

Step 1:
  到节点 (From Node): 8
  当前电池电量 (Battery): 62.57168960571289
  剩余时间 (Remaining Time): 1.3886888122558594
  奖励 (Reward): 152.87447038994117
  Done: False
------------------------------

Step 2:
  到节点 (From Node): 29
  当前电池电量 (Battery): 62.25985336303711
  剩余时间 (Remaining Time): 1.3453779602050782
  奖励 (Reward): -37.740148513533335
  Done: True
Episode 26 finished! Resetting environment for next episode.

Episode 27:
------------------------------

Step 0:
  到节点 (From Node): 28
  当前电池电量 (Battery): 42.0
  剩余时间 (Remaining Time): 1.6660406494140625
  奖励 (Reward): 0
  Done: False
------------------------------

Step 1:
  到节点 (From Node): 49
  当前电池电量 (Battery): 48.78436279296875
  剩余时间 (Remaining Time): 1.5939585876464843
  奖励 (Reward): -38.772190996935485
  Done: False
------------------------------

Step 2:
  到节点 (From Node): 44
  当前电池电量 (Battery): 63.63785171508789
  剩余时间 (Remaining Time): 1.4330323791503907
  奖励 (Reward): 33.641860008253815
  Done: False
------------------------------

Step 3:
  到节点 (From Node): 24
  当前电池电量 (Battery): 69.59715270996094
  剩余时间 (Remaining Time): 1.3688572692871093
  奖励 (Reward): 22.324900224221054
  Done: True
Episode 27 finished! Resetting environment for next episode.

Episode 28:
------------------------------

Step 0:
  到节点 (From Node): 9
  当前电池电量 (Battery): 47.0
  剩余时间 (Remaining Time): 1.6703138732910157
  奖励 (Reward): 0
  Done: False
------------------------------

Step 1:
  到节点 (From Node): 12
  当前电池电量 (Battery): 61.431339263916016
  剩余时间 (Remaining Time): 1.5168869018554687
  奖励 (Reward): 100.76521692953943
  Done: True
Episode 28 finished! Resetting environment for next episode.

Episode 29:
------------------------------

Step 0:
  到节点 (From Node): 36
  当前电池电量 (Battery): 44.0
  剩余时间 (Remaining Time): 1.7963790893554688
  奖励 (Reward): 0
  Done: False
------------------------------

Step 1:
  到节点 (From Node): 40
  当前电池电量 (Battery): 62.76103973388672
  剩余时间 (Remaining Time): 1.5992886352539062
  奖励 (Reward): 64.53085719009874
  Done: False
------------------------------

Step 2:
  到节点 (From Node): 20
  当前电池电量 (Battery): 86.9725112915039
  剩余时间 (Remaining Time): 1.3431910705566406
  奖励 (Reward): 74.66924896506828
  Done: False
------------------------------

Step 3:
  到节点 (From Node): 35
  当前电池电量 (Battery): 89.0
  剩余时间 (Remaining Time): 1.2013558197021483
  奖励 (Reward): 8.354727538008518
  Done: True
Episode 29 finished! Resetting environment for next episode.

Episode 30:
------------------------------

Step 0:
  到节点 (From Node): 2
  当前电池电量 (Battery): 42.0
  剩余时间 (Remaining Time): 1.6303082275390626
  奖励 (Reward): 0
  Done: False
------------------------------

Step 1:
  到节点 (From Node): 22
  当前电池电量 (Battery): 70.19628143310547
  剩余时间 (Remaining Time): 1.33872314453125
  奖励 (Reward): 132.80622459916708
  Done: False
------------------------------

Step 2:
  到节点 (From Node): 24
  当前电池电量 (Battery): 88.25025177001953
  剩余时间 (Remaining Time): 1.150091094970703
  奖励 (Reward): 32.64328981832696
  Done: False
------------------------------

Step 3:
  到节点 (From Node): 16
  当前电池电量 (Battery): 96.0
  剩余时间 (Remaining Time): 0.9314006042480468
  奖励 (Reward): -50.34690419942181
  Done: False
------------------------------

Step 4:
  到节点 (From Node): 9
  当前电池电量 (Battery): 95.86616516113281
  剩余时间 (Remaining Time): 0.9043634033203125
  奖励 (Reward): -4.133834069490007
  Done: True
Episode 30 finished! Resetting environment for next episode.

Episode 31:
------------------------------

Step 0:
  到节点 (From Node): 22
  当前电池电量 (Battery): 40.0
  剩余时间 (Remaining Time): 1.5849586486816407
  奖励 (Reward): 0
  Done: False
------------------------------

Step 1:
  到节点 (From Node): 48
  当前电池电量 (Battery): 60.89030456542969
  剩余时间 (Remaining Time): 1.3679391479492187
  奖励 (Reward): 87.30100725688405
  Done: False
------------------------------

Step 2:
  到节点 (From Node): 16
  当前电池电量 (Battery): 59.521907806396484
  剩余时间 (Remaining Time): 1.1287090301513671
  奖励 (Reward): -101.7914714312
  Done: False
------------------------------

Step 3:
  到节点 (From Node): 20
  当前电池电量 (Battery): 77.18379211425781
  剩余时间 (Remaining Time): 0.942677001953125
  奖励 (Reward): 87.82905721087438
  Done: True
Episode 31 finished! Resetting environment for next episode.

Episode 32:
------------------------------

Step 0:
  到节点 (From Node): 14
  当前电池电量 (Battery): 31.0
  剩余时间 (Remaining Time): 1.521732635498047
  奖励 (Reward): 0
  Done: False
------------------------------

Step 1:
  到节点 (From Node): 42
  当前电池电量 (Battery): 27.586734771728516
  剩余时间 (Remaining Time): 1.0611029052734375
  奖励 (Reward): -72.4132659717
  Done: True
Episode 32 finished! Resetting environment for next episode.

Episode 33:
------------------------------

Step 0:
  到节点 (From Node): 26
  当前电池电量 (Battery): 44.0
  剩余时间 (Remaining Time): 1.780552978515625
  奖励 (Reward): 0
  Done: False
------------------------------

Step 1:
  到节点 (From Node): 46
  当前电池电量 (Battery): 60.87688064575195
  剩余时间 (Remaining Time): 1.598395538330078
  奖励 (Reward): 43.80944900079987
  Done: False
------------------------------

Step 2:
  到节点 (From Node): 27
  当前电池电量 (Battery): 73.05672454833984
  剩余时间 (Remaining Time): 1.4665077209472657
  奖励 (Reward): 81.68280623310018
  Done: True
Episode 33 finished! Resetting environment for next episode.

Episode 34:
------------------------------

Step 0:
  到节点 (From Node): 1
  当前电池电量 (Battery): 33.0
  剩余时间 (Remaining Time): 1.6380538940429688
  奖励 (Reward): 0
  Done: False
------------------------------

Step 1:
  到节点 (From Node): 20
  当前电池电量 (Battery): 29.656021118164062
  剩余时间 (Remaining Time): 1.0256034088134767
  奖励 (Reward): -112.51608526700001
  Done: False
------------------------------

Step 2:
  到节点 (From Node): 19
  当前电池电量 (Battery): 54.54324722290039
  剩余时间 (Remaining Time): 0.7654400634765625
  奖励 (Reward): 76.11401695034166
  Done: True
Episode 34 finished! Resetting environment for next episode.

Episode 35:
------------------------------

Step 0:
  到节点 (From Node): 33
  当前电池电量 (Battery): 36.0
  剩余时间 (Remaining Time): 1.4923316955566406
  奖励 (Reward): 0
  Done: False
------------------------------

Step 1:
  到节点 (From Node): 15
  当前电池电量 (Battery): 32.064491271972656
  剩余时间 (Remaining Time): 0.605955810546875
  奖励 (Reward): -67.9355090524
  Done: True
Episode 35 finished! Resetting environment for next episode.

Episode 36:
------------------------------

Step 0:
  到节点 (From Node): 12
  当前电池电量 (Battery): 30.0
  剩余时间 (Remaining Time): 1.702279052734375
  奖励 (Reward): 0
  Done: False
------------------------------

Step 1:
  到节点 (From Node): 40
  当前电池电量 (Battery): 44.421363830566406
  剩余时间 (Remaining Time): 1.5493159484863281
  奖励 (Reward): 35.084810446661464
  Done: False
------------------------------

Step 2:
  到节点 (From Node): 20
  当前电池电量 (Battery): 68.84796142578125
  剩余时间 (Remaining Time): 1.293218231201172
  奖励 (Reward): 76.56085551138818
  Done: False
------------------------------

Step 3:
  到节点 (From Node): 16
  当前电池电量 (Battery): 86.50984191894531
  剩余时间 (Remaining Time): 1.1071861267089844
  奖励 (Reward): 107.50772814523651
  Done: True
Episode 36 finished! Resetting environment for next episode.

Episode 37:
------------------------------

Step 0:
  到节点 (From Node): 46
  当前电池电量 (Battery): 37.0
  剩余时间 (Remaining Time): 1.6075160217285156
  奖励 (Reward): 0
  Done: False
------------------------------

Step 1:
  到节点 (From Node): 8
  当前电池电量 (Battery): 67.23445129394531
  剩余时间 (Remaining Time): 1.2919163513183594
  奖励 (Reward): 149.4067946616555
  Done: False
------------------------------

Step 2:
  到节点 (From Node): 38
  当前电池电量 (Battery): 65.3145980834961
  剩余时间 (Remaining Time): 0.9609081268310546
  奖励 (Reward): -105.672182526
  Done: False
------------------------------

Step 3:
  到节点 (From Node): 31
  当前电池电量 (Battery): 85.7215576171875
  剩余时间 (Remaining Time): 0.7505271911621094
  奖励 (Reward): 83.94553973122642
  Done: True
Episode 37 finished! Resetting environment for next episode.

Episode 38:
------------------------------

Step 0:
  到节点 (From Node): 28
  当前电池电量 (Battery): 48.0
  剩余时间 (Remaining Time): 1.7553965759277343
  奖励 (Reward): 0
  Done: False
------------------------------

Step 1:
  到节点 (From Node): 21
  当前电池电量 (Battery): 63.249759674072266
  剩余时间 (Remaining Time): 1.5943983459472657
  奖励 (Reward): 29.555292359804213
  Done: False
------------------------------

Step 2:
  到节点 (From Node): 48
  当前电池电量 (Battery): 88.0
  剩余时间 (Remaining Time): 1.2725169372558593
  奖励 (Reward): 87.59473837594143
  Done: False
------------------------------

Step 3:
  到节点 (From Node): 16
  当前电池电量 (Battery): 86.63160705566406
  剩余时间 (Remaining Time): 1.0332868957519532
  奖励 (Reward): -13.368396045500006
  Done: True
Episode 38 finished! Resetting environment for next episode.

Episode 39:
------------------------------

Step 0:
  到节点 (From Node): 3
  当前电池电量 (Battery): 44.0
  剩余时间 (Remaining Time): 1.6051629638671876
  奖励 (Reward): 0
  Done: False
------------------------------

Step 1:
  到节点 (From Node): 42
  当前电池电量 (Battery): 67.54438018798828
  剩余时间 (Remaining Time): 1.3542904663085937
  奖励 (Reward): 85.87493995023183
  Done: False
------------------------------

Step 2:
  到节点 (From Node): 45
  当前电池电量 (Battery): 80.84396362304688
  剩余时间 (Remaining Time): 1.2081412506103515
  奖励 (Reward): 6.286214432492841
  Done: False
------------------------------

Step 3:
  到节点 (From Node): 28
  当前电池电量 (Battery): 80.48429107666016
  剩余时间 (Remaining Time): 1.1653235626220704
  奖励 (Reward): -19.51570793678944
  Done: True
Episode 39 finished! Resetting environment for next episode.

Episode 40:
------------------------------

Step 0:
  到节点 (From Node): 41
  当前电池电量 (Battery): 43.0
  剩余时间 (Remaining Time): 1.823217010498047
  奖励 (Reward): 0
  Done: False
------------------------------

Step 1:
  到节点 (From Node): 24
  当前电池电量 (Battery): 42.02613067626953
  剩余时间 (Remaining Time): 1.6705726623535155
  奖励 (Reward): -103.5865066743
  Done: False
------------------------------

Step 2:
  到节点 (From Node): 16
  当前电池电量 (Battery): 62.523990631103516
  剩余时间 (Remaining Time): 1.4518821716308594
  奖励 (Reward): 72.6743208542365
  Done: False
------------------------------

Step 3:
  到节点 (From Node): 20
  当前电池电量 (Battery): 80.18587493896484
  剩余时间 (Remaining Time): 1.2658501434326173
  奖励 (Reward): 20.213715222725938
  Done: False
------------------------------

Step 4:
  到节点 (From Node): 32
  当前电池电量 (Battery): 90.23088836669922
  剩余时间 (Remaining Time): 1.1608975982666017
  奖励 (Reward): 57.05735075544027
  Done: True
Episode 40 finished! Resetting environment for next episode.

Episode 41:
------------------------------

Step 0:
  到节点 (From Node): 40
  当前电池电量 (Battery): 38.0
  剩余时间 (Remaining Time): 1.6225508117675782
  奖励 (Reward): 0
  Done: False
------------------------------

Step 1:
  到节点 (From Node): 37
  当前电池电量 (Battery): 37.68596267700195
  剩余时间 (Remaining Time): 1.5643959045410156
  奖励 (Reward): -101.7747823612
  Done: False
------------------------------

Step 2:
  到节点 (From Node): 44
  当前电池电量 (Battery): 79.71344757080078
  剩余时间 (Remaining Time): 1.1267919921875
  奖励 (Reward): 203.8321391380843
  Done: False
------------------------------

Step 3:
  到节点 (From Node): 33
  当前电池电量 (Battery): 90.0
  剩余时间 (Remaining Time): 0.9533023834228516
  奖励 (Reward): 57.04204660815742
  Done: True
Episode 41 finished! Resetting environment for next episode.

Episode 42:
------------------------------

Step 0:
  到节点 (From Node): 3
  当前电池电量 (Battery): 39.0
  剩余时间 (Remaining Time): 1.6897764587402344
  奖励 (Reward): 0
  Done: False
------------------------------

Step 1:
  到节点 (From Node): 48
  当前电池电量 (Battery): 64.88412475585938
  剩余时间 (Remaining Time): 1.4229296875
  奖励 (Reward): 118.78370406118037
  Done: False
------------------------------

Step 2:
  到节点 (From Node): 16
  当前电池电量 (Battery): 63.640132904052734
  剩余时间 (Remaining Time): 1.1836996459960938
  奖励 (Reward): -101.69438666799999
  Done: False
------------------------------

Step 3:
  到节点 (From Node): 31
  当前电池电量 (Battery): 81.0
  剩余时间 (Remaining Time): 0.9953419494628907
  奖励 (Reward): 87.25035132790032
  Done: True
Episode 42 finished! Resetting environment for next episode.

Episode 43:
------------------------------

Step 0:
  到节点 (From Node): 25
  当前电池电量 (Battery): 50.0
  剩余时间 (Remaining Time): 1.6040843200683594
  奖励 (Reward): 0
  Done: False
------------------------------

Step 1:
  到节点 (From Node): 26
  当前电池电量 (Battery): 66.39453125
  剩余时间 (Remaining Time): 1.4278749084472657
  奖励 (Reward): 38.429844002138395
  Done: False
------------------------------

Step 2:
  到节点 (From Node): 4
  当前电池电量 (Battery): 83.52339172363281
  剩余时间 (Remaining Time): 1.2447176361083985
  奖励 (Reward): 125.64747617839882
  Done: True
Episode 43 finished! Resetting environment for next episode.

Episode 44:
------------------------------

Step 0:
  到节点 (From Node): 12
  当前电池电量 (Battery): 46.0
  剩余时间 (Remaining Time): 1.6880551147460938
  奖励 (Reward): 0
  Done: False
------------------------------

Step 1:
  到节点 (From Node): 9
  当前电池电量 (Battery): 60.348487854003906
  剩余时间 (Remaining Time): 1.5346281433105469
  奖励 (Reward): 37.8975596542727
  Done: False
------------------------------

Step 2:
  到节点 (From Node): 5
  当前电池电量 (Battery): 58.22592544555664
  剩余时间 (Remaining Time): 1.0691543579101563
  奖励 (Reward): -41.774073440597036
  Done: True
Episode 44 finished! Resetting environment for next episode.

Episode 45:
------------------------------

Step 0:
  到节点 (From Node): 7
  当前电池电量 (Battery): 50.0
  剩余时间 (Remaining Time): 1.8585494995117187
  奖励 (Reward): 0
  Done: False
------------------------------

Step 1:
  到节点 (From Node): 33
  当前电池电量 (Battery): 84.0
  剩余时间 (Remaining Time): 1.3852742004394532
  奖励 (Reward): 146.8262285706503
  Done: False
------------------------------

Step 2:
  到节点 (From Node): 27
  当前电池电量 (Battery): 82.90219116210938
  剩余时间 (Remaining Time): 1.22844482421875
  奖励 (Reward): -17.097806103240003
  Done: True
Episode 45 finished! Resetting environment for next episode.

Episode 46:
------------------------------

Step 0:
  到节点 (From Node): 27
  当前电池电量 (Battery): 37.0
  剩余时间 (Remaining Time): 1.7362408447265625
  奖励 (Reward): 0
  Done: False
------------------------------

Step 1:
  到节点 (From Node): 25
  当前电池电量 (Battery): 56.30712890625
  剩余时间 (Remaining Time): 1.5334349060058594
  奖励 (Reward): 135.4238524239512
  Done: True
Episode 46 finished! Resetting environment for next episode.

Episode 47:
------------------------------

Step 0:
  到节点 (From Node): 21
  当前电池电量 (Battery): 46.0
  剩余时间 (Remaining Time): 1.7234486389160155
  奖励 (Reward): 0
  Done: False
------------------------------

Step 1:
  到节点 (From Node): 48
  当前电池电量 (Battery): 76.68173217773438
  剩余时间 (Remaining Time): 1.4015673828125
  奖励 (Reward): 160.50730369922246
  Done: False
------------------------------

Step 2:
  到节点 (From Node): 40
  当前电池电量 (Battery): 99.0
  剩余时间 (Remaining Time): 1.1060128021240234
  奖励 (Reward): 49.501938007146805
  Done: False
------------------------------

Step 3:
  到节点 (From Node): 16
  当前电池电量 (Battery): 98.61604309082031
  剩余时间 (Remaining Time): 1.0492144012451172
  奖励 (Reward): -1.3839569767799986
  Done: True
Episode 47 finished! Resetting environment for next episode.

Episode 48:
------------------------------

Step 0:
  到节点 (From Node): 11
  当前电池电量 (Battery): 44.0
  剩余时间 (Remaining Time): 1.7137103271484375
  奖励 (Reward): 0
  Done: False
------------------------------

Step 1:
  到节点 (From Node): 9
  当前电池电量 (Battery): 57.99586486816406
  剩余时间 (Remaining Time): 1.5644371032714843
  奖励 (Reward): 35.36754693879584
  Done: False
------------------------------

Step 2:
  到节点 (From Node): 21
  当前电池电量 (Battery): 55.102378845214844
  剩余时间 (Remaining Time): 1.1444828033447265
  奖励 (Reward): -103.5584372902
  Done: False
------------------------------

Step 3:
  到节点 (From Node): 0
  当前电池电量 (Battery): 54.89329528808594
  剩余时间 (Remaining Time): 1.0926010131835937
  奖励 (Reward): -45.106703191233336
  Done: True
Episode 48 finished! Resetting environment for next episode.

Episode 49:
------------------------------

Step 0:
  到节点 (From Node): 17
  当前电池电量 (Battery): 39.0
  剩余时间 (Remaining Time): 1.7343084716796875
  奖励 (Reward): 0
  Done: False
------------------------------

Step 1:
  到节点 (From Node): 9
  当前电池电量 (Battery): 61.08012008666992
  剩余时间 (Remaining Time): 1.5026664733886719
  奖励 (Reward): 98.55734595650259
  Done: False
------------------------------

Step 2:
  到节点 (From Node): 3
  当前电池电量 (Battery): 59.11845779418945
  剩余时间 (Remaining Time): 1.1882974243164062
  奖励 (Reward): -40.881540740557945
  Done: True
Episode 49 finished! Resetting environment for next episode.

Episode 50:
------------------------------

Step 0:
  到节点 (From Node): 34
  当前电池电量 (Battery): 38.0
  剩余时间 (Remaining Time): 1.7796963500976561
  奖励 (Reward): 0
  Done: False
------------------------------

Step 1:
  到节点 (From Node): 37
  当前电池电量 (Battery): 37.02943420410156
  剩余时间 (Remaining Time): 1.5486090087890625
  奖励 (Reward): -100.0006286428
  Done: False
------------------------------

Step 2:
  到节点 (From Node): 44
  当前电池电量 (Battery): 79.05691528320312
  剩余时间 (Remaining Time): 1.1110051727294923
  奖励 (Reward): 252.2384701555041
  Done: True
Episode 50 finished! Resetting environment for next episode.
